0
1.4678e-09
7.30474e-10
7.31413e-09
0.00343537
4.72547e-08
2.78563e-08
0.00012252
6.91596e-09
5.9247e-08
8.99917e-09
6.12102e-09
9.42219e-09
5.50864e-09
4.73951e-09
5.23826e-09
0.0016394
2.0632e-08
1.90393e-08
2.36251e-05
1.37954e-08
1.13554e-08
4.66985e-08
1.85341e-08
0.000264119
9.67674e-09
0.00105011
2.19876e-08
0.000580123
1.7028e-08
0.000649369
0.0007094
0.000549533
0.000452773
0.000379337
1.28403e-07
0.000176395
2.93284e-08
3.49506e-08
0.000303804
0.00032511
0.00027205
0.000229082
0.000202723
0.000308593
0.00035903
0.000297431
0.000258151
4.58144e-08
0.000118668
0.000111988
0.000323417
0.00120263
0.00122008
0.00113467
1.2878e-07
8.07856e-06
8.85801e-06
3.7573e-05
4.40135e-05
5.84581e-05
6.95669e-05
5.70292e-05
5.55443e-05
6.12131e-05
1.76429e-07
3.88672e-06
4.06278e-05
3.00192e-05
1.98238e-07
1.58557e-05
5.04505e-05
0.000559319
0.00112167
0.000973323
0.000827718
0.00071778
0.000635366
0.000574267
0.000681459
0.000613833
0.000574974
0.000541987
0.000509169
0.000482678
0.000463314
0.000446863
0.000431953
0.000420761
0.000410431
0.000392682
0.000380068
0.000384227
0.000374665
0.000366876
0.000353323
0.000341512
0.000331384
0.000335608
0.00034847
0.000333096
0.000318399
0.000308534
0.000302282
0.000296082
0.000290732
0.00031269
0.000304498
0.000301031
0.000292037
0.00028402
0.000277874
0.00027258
0.000268107
0.000263675
0.000261747
0.000254145
0.000313035
0.000297372
0.000283177
0.000273608
0.000265733
0.000260072
0.000262481
0.000252926
0.000247607
0.000243611
0.000240542
0.00023674
0.000228509
0.000241519
0.000254936
0.000249946
0.000238556
0.000231399
0.000227985
0.000227021
0.000224061
0.000222137
0.000220763
0.000216898
0.000218434
0.000218081
0.000217561
0.000217478
0.000225285
0.000225354
0.000239924
0.000232003
0.000227007
0.000223951
0.000221854
0.000221298
0.000218981
0.000221566
0.000217762
0.00021633
0.000215648
0.000215852
0.000214975
0.000214906
0.000216058
0.000217149
0.000218239
0.000219271
0.000220269
0.000221256
0.000222237
0.000223209
0.00022432
0.000225318
0.000226418
0.000227411
0.000228516
0.00022962
0.00023073
0.000231738
0.000232721
0.000233717
0.000234793
0.000235795
0.000236775
0.000237853
0.000238837
0.000239724
0.000240548
0.000241671
0.000242476
0.00024331
0.000244262
0.000245288
0.000246085
0.000246945
0.000248001
0.000248938
0.000249898
0.000250779
0.000251916
0.000254319
0.000254739
0.000254701
0.000255833
0.000256524
0.000257505
0.000258532
0.000259075
0.000260238
0.000261288
0.000261727
0.000262804
0.000263824
0.000264157
0.000265326
0.000266464
0.000266726
0.000267798
0.000268935
0.000270058
0.000269994
0.000271069
0.000272132
0.00027316
0.000274274
0.000274105
0.000275176
0.000276331
0.000277466
0.000278588
0.000278347
0.000279538
0.000280589
0.000281639
0.000282733
0.000282371
0.000283454
0.000284587
0.000285586
0.000286696
0.000287691
0.000287116
0.000288179
0.000289319
0.000290313
0.000291428
0.000292519
0.000291991
0.000292465
0.000291546
0.000290298
0.000289127
0.000288214
0.000287372
0.00028662
0.000285831
0.000285449
0.000286706
0.00028792
0.000289028
0.0002902
0.00012766
-0.00102691
-0.00215624
-0.00230562
0.00168771
0.00163818
0.000706037
0.000277939
0.0106632
0.00525142
0.00473377
0.0033197
0.00250906
0.00214973
0.00194247
0.0023581
0.00214165
0.00203608
0.00183178
0.00169227
0.00159749
0.00153674
0.00145807
0.00141131
0.00132611
0.00127349
0.0012637
0.00119785
0.00116129
0.00115155
0.00114501
0.00110707
0.00107048
0.00104195
0.00101818
0.00100449
0.00105325
0.000998567
0.000978258
0.000970837
0.000963853
0.000956597
0.000951361
0.000939762
0.000954738
0.000921308
0.000908171
0.000900794
0.000896199
0.000923262
0.000880751
0.000866542
0.000861007
0.000856653
0.000852693
0.000848746
0.000844492
0.000839995
0.00087151
0.000834033
0.000819381
0.000812494
0.000808506
0.000805509
0.000802634
0.00079948
0.000796487
0.000793251
0.000789881
0.000786493
0.000783009
0.000779693
0.000776308
0.000773088
0.000769931
0.00076687
0.000763976
0.000761067
0.000758241
0.000755364
0.000752639
0.000749981
0.00074724
0.00074462
0.000742031
0.000739475
0.000736947
0.000734456
0.000731967
0.000729373
0.000726918
0.000724523
0.000722094
0.000719573
0.000717168
0.000714775
0.000712359
0.000709963
0.000707377
0.00070476
0.000702239
0.00069979
0.000697422
0.000695179
0.000693398
0.000691489
0.000689529
0.000687322
0.000685373
0.000683316
0.000681214
0.000679197
0.000677348
0.000675467
0.000673717
0.000680615
0.000677562
0.0006744
0.000671747
0.000669378
0.000667214
0.00066507
0.000663101
0.000661163
0.000659345
0.000657615
0.000655958
0.000654351
0.000652803
0.000651188
0.000649638
0.000648216
0.000646634
0.000645312
0.000644022
0.000642737
0.000641493
0.000640291
0.000639094
0.000637923
