0
0.026995
0.0497772
0.0696753
0.087617
0.104179
0.119576
0.133861
0.14673
0.155802
0.164172
0.17172
0.178661
0.185107
0.191089
0.196599
0.201866
0.206826
0.211526
0.21607
0.220517
0.224864
0.229103
0.233214
0.237087
0.240519
0.245426
0.249727
0.253622
0.257215
0.260568
0.263725
0.26672
0.269591
0.272379
0.27507
0.277658
0.280162
0.282606
0.284946
0.287175
0.28933
0.29139
0.293366
0.295257
0.297054
0.298751
0.300345
0.30183
0.303192
0.304401
0.305424
0.306138
0.306463
0.306681
0.306642
0.306069
0.305249
0.304182
0.303073
0.301869
0.300576
0.299211
0.297782
0.296305
0.294788
0.293238
0.291659
0.289317
0.286801
0.284934
0.283208
0.281525
0.279821
0.278291
0.276686
0.275171
0.273555
0.272087
0.270572
0.269117
0.267676
0.266185
0.264741
0.263311
0.261818
0.260405
0.258995
0.257574
0.256176
0.254814
0.253446
0.252074
0.250704
0.249406
0.248099
0.246787
0.245485
0.24418
0.242841
0.241634
0.240414
0.239125
0.237857
0.236588
0.235384
0.234148
0.232886
0.231713
0.230498
0.229343
0.228136
0.226989
0.225791
0.224659
0.223421
0.222249
0.22102
0.219885
0.218715
0.21762
0.216476
0.215391
0.214274
0.213183
0.21205
0.210931
0.209884
0.208757
0.207648
0.206587
0.205479
0.204402
0.203334
0.202269
0.201206
0.200151
0.199104
0.198093
0.197018
0.195927
0.19481
0.19376
0.19265
0.191551
0.190508
0.189395
0.188294
0.187241
0.186128
0.185076
0.183951
0.182838
0.18174
0.180694
0.179573
0.178518
0.177554
0.17728
0.177222
0.177361
0.177465
0.177683
0.17784
0.178122
0.178274
0.178534
0.178698
0.178953
0.179086
0.179313
0.179416
0.179622
0.17972
0.179922
0.18001
0.180144
0.180335
0.180412
0.180523
0.180686
0.180772
0.180838
0.180979
0.180937
0.180821
0.180726
0.180462
0.180188
0.179809
0.179173
0.178487
0.177786
0.176987
0.175943
0.174708
0.173457
0.172052
0.17049
0.168874
0.16722
0.165619
0.164079
0.162577
0.161124
0.159715
0.158393
0.157086
0.155653
0.154145
0.152402
0.150507
0.148479
0.146291
0.143762
0.141401
0.139372
0.137754
0.136462
0.135422
0.134609
0.133878
0.133051
0.13236
0.131605
0.130996
0.130367
0.129812
0.116619
0.118366
0.118889
0.119284
0.119556
0.119732
0.11983
0.119867
0.119868
0.11984
0.119799
0.119733
0.119659
0.119567
0.119471
0.119365
0.119248
0.119132
0.119014
0.118892
0.118765
0.118637
0.118507
0.118374
0.11824
0.118095
0.117912
0.117732
0.117561
0.117387
0.117219
0.117054
0.116899
0.116742
0.116593
0.116437
0.116334
0.116162
0.116047
0.115868
0.115743
0.115582
0.115459
0.115262
0.115158
0.115015
0.114813
0.114775
0.1146
0.114399
0.114225
0.114083
0.113897
0.113818
0.113642
0.113481
0.113281
0.113193
0.112977
0.112806
0.112672
0.112491
0.112276
0.112183
0.111917
0.111827
0.111562
0.111482
0.11122
0.111131
0.11087
0.110762
0.110495
0.110401
0.110139
0.110047
0.109818
0.109715
0.109453
0.109346
0.109137
0.109074
0.108818
0.108692
0.108483
0.108366
0.108225
0.101284
0.102875
0.103486
0.103918
0.104236
0.104437
0.104549
0.104592
0.104618
0.104612
0.104528
0.104429
0.104338
0.104239
0.104136
0.104132
0.103945
0.103745
0.103604
0.103644
0.103384
0.10315
0.102987
0.102873
0.10266
0.102506
0.10238
0.102163
0.102052
0.101897
0.101708
0.10152
0.101368
0.101287
0.101084
0.100916
0.100698
0.100592
0.100448
0.100197
0.100108
0.0998309
0.0997212
0.0995158
0.0993542
0.0991509
0.0990721
0.0988462
0.0987765
0.0986126
0.0984753
0.098309
0.0981793
0.0979602
0.0978247
0.0976427
0.0974849
0.0973168
0.0970829
0.0969148
0.0967472
0.0965585
0.0963904
0.0961951
0.0960198
0.0958344
0.0956417
0.0954451
0.095285
0.0950953
0.094922
0.0947415
0.0945631
0.0943846
0.0942052
0.0940314
0.0938517
0.093671
0.0934759
0.0932898
0.0931076
0.092926
0.0927475
0.0925879
0.0923574
0.0921816
0.0919807
0.0917699
