0
-0.027467
-0.0533592
-0.0763516
-0.0950457
-0.112291
-0.12841
-0.143299
-0.156968
-0.169296
-0.180367
-0.19036
-0.199332
-0.207298
-0.214705
-0.22156
-0.22802
-0.234191
-0.240052
-0.24545
-0.250573
-0.255594
-0.260456
-0.265147
-0.269613
-0.273882
-0.277935
-0.283454
-0.288076
-0.292165
-0.295851
-0.299211
-0.302282
-0.305063
-0.307598
-0.309912
-0.312089
-0.314118
-0.316021
-0.317783
-0.319295
-0.320431
-0.321558
-0.322342
-0.322764
-0.322959
-0.322889
-0.322152
-0.320987
-0.31972
-0.318347
-0.316896
-0.315396
-0.313851
-0.31227
-0.310635
-0.308996
-0.307346
-0.305666
-0.303956
-0.302245
-0.300539
-0.298822
-0.297081
-0.295345
-0.293653
-0.291997
-0.290294
-0.2886
-0.286893
-0.285188
-0.2835
-0.281808
-0.28012
-0.27844
-0.276777
-0.275128
-0.273498
-0.271891
-0.270296
-0.268742
-0.267176
-0.265615
-0.264077
-0.262539
-0.261039
-0.259532
-0.258009
-0.256538
-0.25507
-0.253561
-0.252052
-0.250584
-0.249169
-0.247729
-0.246302
-0.244884
-0.243476
-0.242078
-0.240687
-0.239306
-0.237931
-0.23656
-0.235195
-0.233836
-0.232484
-0.231138
-0.229797
-0.22846
-0.227132
-0.225815
-0.224507
-0.223176
-0.221849
-0.220526
-0.219215
-0.217914
-0.216614
-0.215317
-0.214021
-0.212729
-0.211437
-0.210149
-0.208862
-0.207579
-0.206299
-0.205032
-0.203781
-0.202528
-0.201296
-0.200066
-0.198827
-0.197579
-0.19633
-0.195088
-0.193844
-0.19254
-0.191473
-0.190767
-0.190149
-0.189571
-0.189029
-0.188471
-0.18793
-0.187398
-0.186867
-0.186344
-0.185818
-0.1853
-0.184773
-0.184256
-0.183863
-0.183711
-0.183795
-0.183929
-0.184073
-0.184234
-0.184392
-0.184542
-0.18466
-0.184751
-0.184828
-0.184839
-0.184794
-0.184704
-0.184562
-0.184361
-0.184083
-0.183575
-0.182828
-0.182023
-0.180845
-0.179301
-0.177659
-0.175944
-0.174154
-0.172237
-0.170216
-0.168224
-0.166337
-0.164489
-0.162578
-0.160705
-0.158855
-0.156845
-0.15462
-0.152438
-0.150245
-0.147929
-0.145973
-0.144121
-0.142332
-0.140593
-0.138913
-0.137493
-0.136284
-0.135369
-0.134326
-0.133405
-0.132543
-0.131751
-0.130996
-0.130359
-0.129745
-0.129103
-0.128498
-0.127959
-0.127475
-0.126976
-0.126496
-0.126028
-0.125577
-0.125149
-0.124738
-0.124348
-0.123951
-0.123607
-0.123295
-0.123047
-0.122801
-0.122543
-0.1223
-0.122072
-0.121887
-0.12165
-0.121424
-0.121209
-0.121002
-0.1208
-0.120614
-0.120418
-0.1202
-0.11999
-0.119776
-0.119584
-0.119395
-0.119209
-0.119025
-0.118843
-0.118664
-0.118486
-0.11831
-0.118139
-0.117967
-0.117795
-0.117624
-0.117455
-0.11729
-0.117126
-0.116961
-0.116798
-0.116636
-0.116474
-0.116312
-0.11615
-0.115988
-0.115826
-0.115675
-0.115506
-0.115342
-0.115179
-0.115018
-0.114858
-0.114707
-0.114561
-0.114391
-0.114226
-0.114063
-0.113901
-0.11374
-0.113578
-0.113428
-0.113256
-0.11309
-0.112925
-0.112762
-0.112598
-0.112435
-0.112271
-0.112121
-0.111938
-0.111767
-0.1116
-0.111436
-0.111272
-0.111109
-0.110945
-0.1108
-0.110622
-0.110456
-0.110293
-0.110139
-0.10998
-0.109818
-0.109656
-0.109492
-0.109328
-0.109164
-0.109
-0.108836
-0.108672
-0.108508
-0.108344
-0.10818
-0.108015
-0.107851
-0.107686
-0.107522
-0.107357
-0.107193
-0.107029
-0.106864
-0.1067
-0.106535
-0.106371
-0.106207
-0.106043
-0.10588
-0.105716
-0.105553
-0.10539
-0.105227
-0.105064
-0.1049
-0.104737
-0.104574
-0.10441
-0.104247
-0.104083
-0.10392
-0.103757
-0.103593
-0.10343
-0.103266
-0.103102
-0.102938
-0.102775
-0.102611
-0.102447
-0.102283
-0.10212
-0.101956
-0.101792
-0.101628
-0.101465
-0.101301
-0.101137
-0.100973
-0.100809
-0.100645
-0.100481
-0.100317
-0.100153
-0.0999897
-0.0998259
-0.099662
-0.0994981
-0.099334
-0.0991697
-0.0990053
-0.0988408
-0.0986762
-0.0985114
-0.0983466
-0.0981823
-0.0980181
-0.0978539
-0.0976896
-0.0975252
-0.0973384
-0.0971594
-0.0970002
-0.0968157
-0.0966496
-0.0964972
-0.0963162
-0.096153
-0.0959758
-0.0958191
-0.0956463
-0.0954902
-0.0953181
-0.0951617
-0.0949916
-0.0948344
-0.094666
-0.0945055
-0.0943377
-0.0941772
-0.0940261
-0.0938565
-0.0936903
-0.0935255
-0.0933644
-0.0932009
-0.0930568
-0.092884
-0.0927239
-0.0925558
-0.0923999
-0.0922333
-0.0920933
-0.0919169
