0
0.0166114
0.03248
0.0461589
0.0588041
0.0705831
0.0816567
0.0921808
0.102223
0.111828
0.121018
0.129792
0.138152
0.146029
0.151677
0.157074
0.162204
0.167018
0.171544
0.175844
0.17996
0.183885
0.18766
0.191229
0.19462
0.197905
0.201109
0.204215
0.207175
0.210059
0.212867
0.215632
0.21836
0.221053
0.223708
0.226324
0.228899
0.231427
0.233898
0.236276
0.238508
0.241557
0.244272
0.246747
0.249056
0.251242
0.253331
0.255339
0.257276
0.259151
0.260973
0.262746
0.264476
0.266185
0.267877
0.26954
0.271158
0.272748
0.274327
0.275885
0.277425
0.278922
0.280387
0.281821
0.283227
0.284605
0.285953
0.287272
0.288562
0.289821
0.291049
0.292246
0.293413
0.294547
0.295647
0.296711
0.297736
0.298718
0.299654
0.300548
0.301387
0.302171
0.302895
0.303553
0.304091
0.304528
0.30478
0.30503
0.305167
0.305286
0.305345
0.305112
0.304618
0.304013
0.303362
0.302664
0.30193
0.301156
0.300333
0.299439
0.298533
0.297614
0.296683
0.29574
0.294786
0.293823
0.292853
0.291875
0.290424
0.288876
0.287785
0.286744
0.285711
0.284729
0.283674
0.282629
0.28164
0.280584
0.279561
0.278597
0.277566
0.276548
0.275596
0.274593
0.273656
0.272667
0.271691
0.270765
0.269805
0.2689
0.267956
0.26706
0.266136
0.265254
0.264327
0.263447
0.26254
0.261701
0.260812
0.259874
0.25896
0.258062
0.25719
0.256347
0.255507
0.254671
0.253835
0.252997
0.252154
0.251314
0.250471
0.249638
0.248834
0.248012
0.247209
0.246416
0.245607
0.244814
0.244023
0.24321
0.242414
0.24163
0.240828
0.240041
0.239259
0.238463
0.237701
0.236936
0.236148
0.235399
0.234648
0.233866
0.233125
0.232355
0.23162
0.23086
0.23014
0.229395
0.228685
0.227946
0.227241
0.226513
0.225816
0.225092
0.224399
0.223681
0.222969
0.222288
0.221579
0.22088
0.220151
0.219396
0.218673
0.217976
0.217292
0.216614
0.215947
0.215279
0.214618
0.213974
0.213313
0.212669
0.212002
0.211364
0.210696
0.210029
0.209345
0.208674
0.208007
0.207333
0.20667
0.206011
0.20535
0.2047
0.204039
0.203378
0.202726
0.202069
0.201419
0.20077
0.200107
0.199444
0.19878
0.198105
0.197388
0.196721
0.196066
0.195388
0.194725
0.194055
0.193377
0.19269
0.192002
0.191313
0.190629
0.189984
0.18927
0.18862
0.187918
0.187273
0.186573
0.18593
0.185225
0.184585
0.183884
0.183235
0.18254
0.181907
0.181223
0.180573
0.179869
0.179218
0.178515
0.177857
0.177183
0.176479
0.175992
0.175793
0.175675
0.17571
0.175753
0.175865
0.175987
0.176099
0.176244
0.176368
0.176538
0.176659
0.176832
0.176944
0.177099
0.177196
0.177342
0.177438
0.177589
0.177666
0.177795
0.177887
0.178011
0.178076
0.178224
0.178281
0.178407
0.178474
0.178577
0.178615
0.178726
0.178769
0.178891
0.178928
0.179047
0.179076
0.17919
0.179212
0.179274
0.17933
0.179384
0.179432
0.179474
0.17951
0.17954
0.179529
0.179467
0.17937
0.179253
0.179039
0.178752
0.178401
0.178048
0.177666
0.1773
0.17688
0.176446
0.175928
0.175309
0.17456
0.173703
0.172798
0.171833
0.170784
0.169724
0.168608
0.167472
0.166332
0.165213
0.164167
0.163102
0.162027
0.161032
0.160056
0.158972
0.158006
0.15703
0.155915
0.154714
0.153424
0.152024
0.150521
0.148796
0.147075
0.145229
0.143282
0.141257
0.139148
0.137342
0.135914
0.134593
0.133455
0.132653
0.131976
0.131285
0.130685
0.130085
0.129537
0.128984
0.128395
0.12792
0.127466
0.127067
0.126686
0.126321
0.125991
0.125674
0.125369
0.125095
0.124829
0.124577
0.124343
0.124122
0.123912
0.123717
0.123529
0.123349
0.123173
0.122999
0.122827
0.122666
0.122516
0.122363
0.122129
0.121948
0.121791
0.121643
0.121502
0.121433
0.12127
0.121192
0.121025
0.120878
0.12081
0.120651
0.12058
0.12042
0.120348
0.120189
0.120068
0.119934
0.119874
0.119723
0.119658
