0
8.24227e-09
1.6887e-09
7.71994e-10
1.77391e-09
1.60112e-09
7.07153e-09
8.60741e-09
5.67531e-09
6.18828e-09
0.00743543
0.00373175
4.29592e-09
0.00049255
0.0012579
8.30847e-09
4.88368e-09
1.17642e-08
1.04738e-08
0.000456085
0.000388955
0.000310786
1.21512e-08
1.64243e-08
0.00179551
0.00143431
1.59118e-08
0.00158677
0.00134439
0.00112969
1.693e-08
7.28181e-08
0.000418733
0.000620983
0.000457055
3.79874e-08
0.000318776
0.000456589
5.69828e-08
0.000299077
0.000208646
0.000171657
0.00016012
0.000100415
0.000121437
0.000125547
0.000128749
0.000127491
0.000123579
6.96116e-08
0.000135102
0.000221753
0.000310881
0.000284407
0.000317815
0.000275873
0.000258645
0.000238223
0.000222676
0.000219287
0.000206203
0.000194471
0.000544366
0.000663151
0.000750195
0.000710362
0.000647322
0.000586584
0.000534911
0.000513045
0.000470056
0.000430288
0.000398921
0.000377667
0.000368295
0.000382652
0.0003672
0.000335665
0.000315858
0.000301343
0.000286071
0.000277501
0.000264842
0.000257425
0.000248428
0.000239622
0.000231562
0.000224828
0.000217215
0.000216009
0.000214768
0.000208011
0.000197507
0.000197524
0.00019199
0.000188131
0.000184677
0.000181713
0.000178861
0.00017631
0.000173992
0.000171979
0.000169983
0.000167959
0.000166062
0.000165054
0.000163526
0.00016442
0.000162711
0.000160885
0.000159176
0.000157468
0.000156109
0.000154946
0.000153903
0.000152966
0.000152116
0.000151336
0.000150666
0.000149187
0.000154881
0.000152767
0.000151503
0.000150647
0.000150033
0.000149396
0.00014979
0.000155637
0.0001553
0.000156343
0.000157371
0.000158392
0.000159344
0.000160295
0.000161244
0.000162262
0.000163214
0.000164166
0.00016511
0.00016613
0.00016712
0.000168092
0.000169122
0.000170088
0.000171057
0.000172027
0.000173016
0.000174002
0.000174988
0.000176062
0.000177066
0.000178063
0.000179071
0.000180132
0.00018112
0.000182124
0.000183256
0.000184283
0.000185286
0.000186261
0.000187127
0.000188252
0.000189363
0.000189706
0.00019076
0.000190239
0.000191475
0.000192669
0.000193846
0.000195002
0.000194018
0.00019517
0.000196292
0.000197488
0.000198561
0.000197619
0.000198786
0.000200036
0.000201138
0.000202219
0.000203389
0.000202736
0.000203903
0.000205034
0.000206119
0.000207369
0.000206892
0.000208166
0.000209331
0.000210433
0.000211657
0.000211353
0.000212655
0.00021381
0.000214919
0.000214811
0.000215958
0.000217108
0.000218343
0.000218063
0.000219364
0.000220529
0.000221672
0.000220671
0.000219735
0.000219029
0.000219501
0.000220785
0.000222907
0.000223633
0.000224681
0.000225887
0.000227177
0.000228347
0.000229507
0.000230685
0.00023176
0.000232821
0.000233861
0.000235023
0.000236073
0.000234666
0.000233765
0.000234013
0.000235293
0.000236447
0.000237694
0.000238829
0.000239935
0.00024104
0.000242259
0.000240989
0.000241532
0.000242802
0.000233548
0.000236541
0.000237761
0.00023796
0.000238512
0.000240404
0.000249746
0.000248134
0.0002462
0.000244475
0.000243701
0.00024294
0.000242336
0.000241814
0.0002414
0.00024266
0.000243835
0.000244982
0.000246241
0.000247354
0.000248578
0.000249805
0.000251018
0.000252121
0.000253325
0.000254523
0.000255739
0.000256845
0.000257931
0.000259127
0.000260221
0.00026132
0.000260282
0.000261468
0.000262606
0.000263838
0.000265077
0.000266177
0.000267382
0.000268566
0.000267547
0.000268821
0.000269953
0.000271163
0.000272254
0.000273335
0.000274532
0.000273475
0.000274211
0.000275353
0.000276598
0.000277711
0.000278792
0.000280009
0.000278995
0.000279336
0.000280599
0.000281832
0.000282964
0.000284055
0.00028525
0.000284175
0.00028395
0.00028522
0.000286532
0.000287779
0.000289008
0.000290115
0.000289081
0.000288414
0.000289682
0.000290963
0.000292205
0.000293343
0.000294569
0.000293652
0.000293017
0.000292596
0.000293877
0.000295141
0.000296381
0.000297538
0.000298796
0.000297841
0.000297272
0.000296676
0.000296179
0.000296209
0.000297504
0.000298718
0.000299898
0.000301164
0.000302431
0.000301626
0.000301156
0.000300743
0.00030027
0.000299945
0.000299527
0.000299734
0.000299799
0.000299444
0.000299203
0.000299254
0.000298988
0.000298771
0.000298445
0.000298128
0.000297953
0.000297859
0.000297713
0.000297582
0.00029746
0.000297256
0.000297199
0.000297149
0.000297003
0.000296981
0.000296886
0.000296838
0.000296874
0.000296908
0.000296963
0.000297017
0.000296984
0.000296976
0.000296988
0.000297001
0.000297138
0.000297275
0.000297323
0.000297475
0.00029754
0.00029771
0.00029778
0.000298024
0.000298171
0.000298425
0.000298687
0.00029884
0.000298991
0.000299133
0.000299285
0.000299546
0.000299702
0.000299844
0.000300112
0.000300378
0.000300547
0.000300835
0.000301123
0.000301531
0.000305058
0.000304844
0.000304747
0.000304804
0.000304806
0.000304862
0.000304948
0.000305173
0.000305402
0.000305637
0.000305894
0.000306169
0.000306353
0.000306651
0.000306868
