0
0.0342711
0.0636834
0.09021
0.112783
0.132979
0.150734
0.166351
0.180139
0.192449
0.203517
0.213488
0.222434
0.230614
0.238056
0.24444
0.250064
0.254996
0.259399
0.263349
0.266905
0.270146
0.273044
0.275634
0.277896
0.28026
0.28207
0.283494
0.284712
0.285775
0.286709
0.287528
0.288225
0.288772
0.289279
0.289602
0.289838
0.290004
0.290111
0.290153
0.290149
0.290126
0.290076
0.290003
0.289906
0.289791
0.289657
0.289515
0.28937
0.289219
0.289071
0.288908
0.288727
0.288524
0.288292
0.288044
0.287788
0.287527
0.28725
0.286969
0.286651
0.286338
0.28604
0.285721
0.285403
0.285061
0.284737
0.284381
0.284012
0.283685
0.283155
0.282654
0.282171
0.281663
0.280988
0.280251
0.279521
0.278812
0.278139
0.277508
0.276896
0.276308
0.275738
0.275178
0.274691
0.274234
0.273822
0.273399
0.272949
0.272494
0.272047
0.271594
0.271126
0.270657
0.270192
0.269701
0.26925
0.268731
0.268211
0.267714
0.267261
0.266803
0.266335
0.265867
0.26539
0.264921
0.264434
0.263917
0.263403
0.262887
0.262368
0.261843
0.261364
0.260928
0.260476
0.260021
0.25957
0.259104
0.258627
0.258157
0.257702
0.25727
0.25685
0.256402
0.255932
0.255524
0.255119
0.254724
0.254295
0.25392
0.253512
0.253191
0.252889
0.252583
0.252276
0.252002
0.251742
0.251509
0.251261
0.251028
0.250809
0.250622
0.250455
0.250359
0.250302
0.25021
0.250082
0.249907
0.249724
0.249433
0.249174
0.248924
0.248693
0.248464
0.24824
0.248034
0.247866
0.247692
0.247513
0.247324
0.247145
0.246951
0.246761
0.246556
0.246344
0.246116
0.24589
0.245642
0.245379
0.245095
0.244815
0.244524
0.244227
0.243927
0.243625
0.243309
0.243008
0.242752
0.242499
0.242307
0.242109
0.241919
0.241777
0.241606
0.241475
0.241311
0.241159
0.241034
0.240886
0.240758
0.240601
0.240469
0.240308
0.240141
0.239976
0.239791
0.239648
0.239512
0.239386
0.239232
0.23912
0.239007
0.238878
0.238768
0.238672
0.238539
0.238448
0.238352
0.238234
0.238144
0.238059
0.237939
0.237854
0.237763
0.237648
0.237563
0.237451
0.237363
0.237268
0.237101
0.236968
0.236914
0.236839
0.236801
0.236768
0.236683
0.23663
0.236577
0.23647
0.236403
0.23634
0.236243
0.236179
0.236123
0.236024
0.235958
0.235859
0.235796
0.235798
0.235782
0.235796
0.235784
0.2358
0.235789
0.235785
0.235762
0.23577
0.235752
0.235768
0.235755
0.235768
0.235752
0.23576
0.235739
0.235715
0.23572
0.235689
0.235662
0.23566
0.235629
0.235594
0.235588
0.235548
0.2355
0.235475
0.235423
0.235367
0.235317
0.235291
0.235236
0.235183
0.235138
0.235093
0.235053
0.235009
0.23496
0.234903
0.23484
0.234771
0.234687
0.234583
0.234473
0.23436
0.234255
0.234158
0.234065
0.233979
0.233886
0.23379
0.233707
0.233638
0.233566
0.23349
0.233413
0.233327
0.233286
0.233288
0.233291
0.233293
0.233286
0.233278
0.233276
0.23327
0.233258
0.233237
0.23321
0.233174
0.23315
0.233105
0.233043
0.232948
0.232852
0.232751
0.232646
0.232531
0.232408
0.232276
0.23204
0.231836
0.231637
0.231442
0.231369
0.23126
0.231153
0.230883
0.230623
0.230356
0.230077
0.229779
0.229458
0.229114
0.228755
0.228401
0.228026
0.227651
0.227306
0.226975
0.226643
0.226277
0.225903
0.225544
0.225181
0.224801
0.224458
0.224102
0.223698
0.223275
0.222817
0.222328
0.221798
0.221232
0.220704
0.22023
0.219959
0.219598
0.219333
0.219178
0.219104
0.219079
0.219039
0.218988
0.218926
0.21885
0.218761
0.218664
0.218561
0.218455
0.218346
0.21824
0.21814
0.218048
0.217934
0.217833
0.217734
0.217635
0.217529
0.217415
0.217289
0.21715
0.216996
0.216822
0.216627
0.216408
0.216145
0.215865
0.215587
0.215316
0.215052
0.21479
0.214532
0.214284
0.214047
0.21389
0.213729
0.213582
0.213438
0.213292
0.213125
0.21288
0.212763
0.21265
0.21257
0.212481
