

/******************************************************************************************
* WriteStepFile diagnostics.
* Date:                           Wed Jan 13 19:05:10 2021 
* Produced by:                    The EXPRESS Data Manager Version 5.02.0100.07 : 28 Aug 2013
* Module:                         EDMstepFileFactory/EDMstandAlone
* Host:                           DESKTOP-LHN88H6
* Database:                       C:\Users\Hamza\AppData\Local\Temp\b7cffdd8-25da-425a-b77a-b8e6791eaef2\0d516018-1197-42d0-b475-05b34ebfffd6\ifc
* Database version:               5507
* Database creation date:         Wed Jan 13 19:05:00 2021
* Model:                          DataRepository.ifc
* Model creation date:            Wed Jan 13 19:05:01 2021
* Header model:                   DataRepository.ifc_HeaderModel
* Header model creation date:     Wed Jan 13 19:05:01 2021
* Step file:                      Rittergrasse11-LOD300B.ifc
* EDMuser:                        sdai-user
* EDMgroup:                       sdai-group
* License ID and type:            5605 : Permanent license. Expiry date: 
* EDMstepFileFactory options:     020000
******************************************************************************************/


------------------------------------------------------------------------------------------------
Operation terminated successfully.
------------------------------------------------------------------------------------------------

