0
0.0464802
0.0842559
0.115634
0.142358
0.164733
0.183575
0.199738
0.213713
0.225813
0.236487
0.245374
0.252795
0.259044
0.264415
0.269115
0.273178
0.276635
0.279521
0.281819
0.283536
0.284843
0.285773
0.286519
0.287156
0.287746
0.288284
0.288762
0.289164
0.289884
0.290203
0.29031
0.290287
0.290188
0.29004
0.289858
0.289644
0.289408
0.289143
0.288799
0.28844
0.288061
0.287674
0.287274
0.286855
0.286418
0.285959
0.285475
0.284964
0.284455
0.283896
0.283306
0.282679
0.282004
0.281316
0.280566
0.279619
0.278661
0.277766
0.276936
0.276206
0.275497
0.274764
0.274028
0.273323
0.272643
0.272029
0.271373
0.270682
0.269944
0.269197
0.268445
0.26773
0.267037
0.266336
0.265618
0.264884
0.264139
0.263382
0.262611
0.261839
0.261074
0.260311
0.259606
0.259004
0.25841
0.257816
0.257207
0.256573
0.255934
0.255264
0.254603
0.253989
0.253536
0.253119
0.2527
0.252231
0.251815
0.251427
0.251055
0.250673
0.25022
0.24989
0.24962
0.249431
0.249242
0.249076
0.24887
0.248664
0.24847
0.248287
0.248082
0.247929
0.247686
0.247514
0.247245
0.247041
0.246716
0.246397
0.246024
0.245665
0.24524
0.244838
0.244371
0.243939
0.243605
0.243333
0.243116
0.242901
0.242719
0.242514
0.242338
0.242144
0.241939
0.241655
0.241486
0.241358
0.241242
0.24112
0.241058
0.24094
0.240834
0.240725
0.240626
0.240512
0.240435
0.240352
0.240266
0.240146
0.240074
0.239969
0.239895
0.239793
0.239722
0.239608
0.239533
0.239439
0.239368
0.239268
0.239197
0.239116
0.239041
0.23893
0.238858
0.238782
0.238694
0.238616
0.23853
0.238446
0.238357
0.238272
0.238183
0.238092
0.23805
0.238067
0.238082
0.238232
0.238324
0.23839
0.238437
0.238471
0.238494
0.238509
0.23852
0.238526
0.238526
0.238521
0.238506
0.238478
0.23845
0.238429
0.238405
0.23838
0.238355
0.238329
0.2383
0.23827
0.238239
0.238205
0.238169
0.238094
0.238058
0.237984
0.237942
0.237858
0.237772
0.237689
0.237614
0.237532
0.237517
0.237573
0.23761
0.237628
0.237602
0.237564
0.237513
0.237454
0.237391
0.237329
0.237262
0.237195
0.237126
0.237052
0.236971
0.23688
0.236793
0.236695
0.236581
0.236464
0.236336
0.236201
0.23606
0.235912
0.235758
0.235596
0.235404
0.235196
0.234968
0.234712
0.23444
0.234154
0.233849
0.233522
0.233293
0.233025
0.232714
0.232307
0.231944
0.231548
0.231117
0.230632
0.230043
0.229435
0.228745
0.228027
0.227332
0.226619
0.225853
0.225084
0.224292
0.223427
0.222484
0.221483
0.220322
0.218993
0.217843
0.217035
0.216586
0.216153
0.2159
0.21562
0.215322
0.215
0.21467
0.214343
0.214017
0.213688
0.213351
0.213006
0.212682
0.212366
0.21201
0.211638
0.211257
0.210851
0.210424
0.21
0.209544
0.20908
0.208605
0.208126
0.20757
0.206962
0.206322
0.205676
0.205019
0.204373
0.20372
0.203032
0.20227
0.20145
0.200573
0.199628
0.198626
0.197573
0.19576
0.194815
0.193619
0.192328
0.190975
0.189551
0.188073
0.186531
0.184953
0.183334
0.181691
0.180104
0.1784
0.176601
0.174772
0.173136
0.172527
0.171837
0.171057
0.170359
0.169555
0.168665
0.167765
0.166818
0.165884
0.165024
0.164202
0.163755
0.163457
0.163159
0.162827
0.162503
0.162198
0.162043
0.162023
0.161994
0.161925
0.161825
0.161701
0.161582
0.161441
0.161318
0.1612
0.161099
0.161011
0.160877
0.16055
0.160318
0.160214
0.160083
0.159953
0.159816
0.15964
0.159161
0.158862
0.158697
0.158535
0.158397
0.158278
0.158156
0.158048
0.157958
0.157866
0.157762
0.157651
0.157527
0.157391
0.157238
0.157079
0.156922
0.156777
0.156637
0.1565
0.156357
0.156051
0.155934
0.155867
0.155791
0.155712
0.155636
0.155561
0.155484
0.155409
0.155335
0.155262
0.155194
0.155135
0.15508
0.155026
0.154974
0.154922
0.154872
0.154823
0.154774
