0
-0.0426779
-0.0794347
-0.110506
-0.138107
-0.162829
-0.184872
-0.204292
-0.221006
-0.235234
-0.247469
-0.258029
-0.26693
-0.274646
-0.280868
-0.286189
-0.29098
-0.295288
-0.299208
-0.302825
-0.306179
-0.309272
-0.31208
-0.31466
-0.31703
-0.31925
-0.321318
-0.323251
-0.325078
-0.326759
-0.32835
-0.329883
-0.33132
-0.332679
-0.333937
-0.335087
-0.336121
-0.337025
-0.337814
-0.338469
-0.339033
-0.339488
-0.339805
-0.340021
-0.340103
-0.340079
-0.339964
-0.339793
-0.339578
-0.339341
-0.339079
-0.338786
-0.33846
-0.338097
-0.33772
-0.337301
-0.336772
-0.336221
-0.335647
-0.335065
-0.334461
-0.333861
-0.33326
-0.332651
-0.331448
-0.330556
-0.329937
-0.329555
-0.329101
-0.328598
-0.328071
-0.32759
-0.327129
-0.326627
-0.326078
-0.325494
-0.324881
-0.324309
-0.323737
-0.323175
-0.322588
-0.321923
-0.32122
-0.320448
-0.319619
-0.318745
-0.317824
-0.316856
-0.315844
-0.314802
-0.313787
-0.3127
-0.311569
-0.310418
-0.309241
-0.308024
-0.306816
-0.305602
-0.304356
-0.302986
-0.301486
-0.299913
-0.298277
-0.296568
-0.29485
-0.293005
-0.291092
-0.289137
-0.287182
-0.285195
-0.28317
-0.281106
-0.27899
-0.276829
-0.274552
-0.271972
-0.268746
-0.264475
-0.25837
-0.249754
-0.239208
-0.226711
-0.214946
-0.207665
-0.202828
-0.199062
-0.196
-0.193353
-0.190992
-0.188909
-0.187039
-0.185306
-0.183641
-0.182072
-0.180713
-0.179433
-0.178313
-0.177327
-0.176391
-0.175487
-0.174564
-0.173728
-0.173183
-0.17268
-0.172153
-0.171608
-0.171049
-0.170437
-0.169794
-0.169283
-0.169088
-0.168941
-0.168815
-0.168715
-0.168623
-0.168532
-0.168456
-0.168375
-0.168288
-0.168069
-0.167035
-0.166992
-0.167045
-0.167095
-0.167131
-0.167155
-0.167168
-0.167176
-0.167176
-0.16717
-0.167155
-0.167134
-0.167105
-0.167072
-0.167033
-0.166992
-0.166909
-0.16681
-0.166695
-0.166449
-0.166228
-0.165992
-0.165742
-0.165481
-0.165207
-0.164935
-0.164563
-0.164172
-0.163764
-0.163341
-0.162908
-0.162463
-0.162006
-0.161554
-0.161132
-0.160874
-0.160588
-0.160453
-0.160222
-0.159842
-0.159409
-0.158958
-0.158452
-0.157863
-0.157198
-0.15648
-0.155279
-0.153467
-0.151489
-0.150032
-0.14835
-0.146589
-0.145165
-0.14424
-0.142632
-0.140603
-0.138198
-0.138856
-0.13409
-0.132722
-0.13177
-0.131122
-0.130382
-0.129178
-0.12811
-0.126985
-0.12587
-0.124752
-0.123665
-0.122607
-0.121594
-0.120631
-0.119746
-0.118954
-0.118284
-0.117582
-0.116873
-0.116167
-0.115584
-0.11494
-0.114224
-0.113493
-0.112646
-0.111824
-0.111663
-0.111349
-0.110967
-0.110482
-0.110026
-0.109714
-0.109529
-0.109231
-0.108867
-0.108448
-0.108031
-0.107597
-0.107156
-0.106718
-0.106267
-0.105909
-0.10565
-0.105348
-0.105106
-0.104879
-0.104651
-0.10436
-0.104092
-0.103813
-0.103555
-0.103315
-0.103085
-0.102815
-0.102654
-0.10212
-0.102025
-0.101841
-0.101651
-0.101458
-0.101269
-0.101083
-0.100886
-0.100691
-0.100516
-0.10037
-0.100245
-0.0998645
-0.0997408
-0.0995607
-0.099338
-0.099105
-0.0989191
-0.0987461
-0.0985794
-0.0984564
-0.0983172
-0.0981463
-0.0979972
-0.0978532
-0.0977148
-0.0975843
-0.0974501
-0.0973044
-0.0971339
-0.0969352
-0.0967184
-0.0965072
-0.0963109
-0.0961111
-0.0958655
-0.0955952
-0.0953735
-0.095157
-0.094881
-0.0946987
-0.0945435
-0.0943619
-0.0941863
-0.0939708
-0.0937479
-0.0935012
-0.0932459
-0.0929872
-0.09271
-0.0924482
-0.0921991
-0.0919809
-0.0915297
-0.0909631
-0.0903555
-0.0899124
-0.0894238
-0.0893676
-0.0892021
-0.0890123
-0.0887173
-0.0884422
-0.0881834
-0.0879382
-0.0877073
-0.0874691
-0.087141
-0.0867903
-0.0864684
-0.0861828
-0.0859415
-0.0857531
-0.0855583
-0.0853884
-0.0850075
-0.0849348
-0.0847859
-0.0849221
-0.0848291
-0.0847498
-0.0846424
-0.0845191
-0.084369
-0.0841076
-0.0838895
-0.0836524
-0.0834454
-0.0831131
-0.0829233
-0.0826937
-0.0824799
-0.0822745
-0.0820455
-0.0817132
-0.0813939
-0.0811105
-0.0807986
-0.0804942
-0.0801722
-0.0799049
-0.0796311
-0.0794077
-0.0791901
-0.0789924
-0.0787441
-0.0785347
-0.0780823
-0.0769667
-0.0758403
-0.0749426
-0.0740556
-0.0730277
-0.0720978
-0.0712884
-0.070607
-0.0699854
-0.0693769
-0.0687941
-0.0682375
-0.0676632
-0.0671166
-0.0665968
-0.0660593
-0.065347
-0.0651302
